Vivado Simulator 2016.4
Copyright 1986-1999, 2001-2016 Xilinx, Inc. All Rights Reserved.
Running: /home/cristiano/Xilinx/Vivado/2016.4/bin/unwrapped/lnx64.o/xelab -wto ef81352b38d4437aba03c002f365b09a --debug typical --relax --mt 8 -L xil_defaultlib -L secureip -L xpm --snapshot tb_behav xil_defaultlib.tb -log elaborate.log 
Using 8 slave threads.
Starting static elaboration
Completed static elaboration
Starting simulation data flow analysis
Completed simulation data flow analysis
Time Resolution for simulation is 1ps
Compiling package std.standard
Compiling package std.textio
Compiling package ieee.std_logic_1164
Compiling package ieee.std_logic_arith
Compiling package ieee.std_logic_unsigned
Compiling package ieee.numeric_std
Compiling architecture rtl of entity xil_defaultlib.rom [rom_default]
Compiling architecture rtl of entity xil_defaultlib.ram [ram_default]
Compiling architecture behavioral of entity xil_defaultlib.pdi_controlller [pdi_controlller_default]
Compiling architecture behav of entity xil_defaultlib.delay [\delay(bits=15)\]
Compiling architecture behavioral of entity xil_defaultlib.pdi [pdi_default]
Compiling architecture behavioral of entity xil_defaultlib.tb
Built simulation snapshot tb_behav
