
*** Running vivado
    with args -log design_1_pdi_0_0.vds -m64 -product Vivado -mode batch -messageDb vivado.pb -notrace -source design_1_pdi_0_0.tcl



****** Vivado v2020.1 (64-bit)
  **** SW Build 2902540 on Wed May 27 19:54:49 MDT 2020
  **** IP Build 2902112 on Wed May 27 22:43:36 MDT 2020
    ** Copyright 1986-2020 Xilinx, Inc. All Rights Reserved.

source design_1_pdi_0_0.tcl -notrace
Command: synth_design -top design_1_pdi_0_0 -part xc7z010clg400-1 -mode out_of_context
Starting synth_design
WARNING: [IP_Flow 19-3571] IP 'design_1_pdi_0_0' is restricted:
* Module reference is stale and needs refreshing.
Attempting to get a license for feature 'Synthesis' and/or device 'xc7z010'
INFO: [Common 17-349] Got license for feature 'Synthesis' and/or device 'xc7z010'
INFO: [Synth 8-7079] Multithreading enabled for synth_design using a maximum of 2 processes.
INFO: [Synth 8-7078] Launching helper process for spawning children vivado processes
INFO: [Synth 8-7075] Helper process launched with PID 8216
---------------------------------------------------------------------------------
Starting Synthesize : Time (s): cpu = 00:00:09 ; elapsed = 00:00:09 . Memory (MB): peak = 1015.863 ; gain = 0.000
---------------------------------------------------------------------------------
INFO: [Synth 8-638] synthesizing module 'design_1_pdi_0_0' [c:/Users/assis/OneDrive/햞ea de Trabalho/Sistemas Digitais/DownloadS5/pdi/sd_trab_pdi/sd_trab_pdi.srcs/sources_1/bd/design_1/ip/design_1_pdi_0_0/synth/design_1_pdi_0_0.vhd:70]
INFO: [Synth 8-3491] module 'pdi' declared at 'C:/Users/assis/OneDrive/햞ea de Trabalho/Sistemas Digitais/DownloadS5/pdi/sd_trab_pdi/sd_trab_pdi.srcs/sources_1/new/pdi.vhd:7' bound to instance 'U0' of component 'pdi' [c:/Users/assis/OneDrive/햞ea de Trabalho/Sistemas Digitais/DownloadS5/pdi/sd_trab_pdi/sd_trab_pdi.srcs/sources_1/bd/design_1/ip/design_1_pdi_0_0/synth/design_1_pdi_0_0.vhd:97]
INFO: [Synth 8-638] synthesizing module 'pdi' [C:/Users/assis/OneDrive/햞ea de Trabalho/Sistemas Digitais/DownloadS5/pdi/sd_trab_pdi/sd_trab_pdi.srcs/sources_1/new/pdi.vhd:20]
INFO: [Synth 8-638] synthesizing module 'controller_FSM' [C:/Users/assis/OneDrive/햞ea de Trabalho/Sistemas Digitais/DownloadS5/pdi/sd_trab_pdi/sd_trab_pdi.srcs/sources_1/new/controller_FSM.vhd:21]
WARNING: [Synth 8-614] signal 'start' is read in the process but is not in the sensitivity list [C:/Users/assis/OneDrive/햞ea de Trabalho/Sistemas Digitais/DownloadS5/pdi/sd_trab_pdi/sd_trab_pdi.srcs/sources_1/new/controller_FSM.vhd:98]
WARNING: [Synth 8-614] signal 'op' is read in the process but is not in the sensitivity list [C:/Users/assis/OneDrive/햞ea de Trabalho/Sistemas Digitais/DownloadS5/pdi/sd_trab_pdi/sd_trab_pdi.srcs/sources_1/new/controller_FSM.vhd:98]
WARNING: [Synth 8-614] signal 's_done' is read in the process but is not in the sensitivity list [C:/Users/assis/OneDrive/햞ea de Trabalho/Sistemas Digitais/DownloadS5/pdi/sd_trab_pdi/sd_trab_pdi.srcs/sources_1/new/controller_FSM.vhd:98]
WARNING: [Synth 8-614] signal 'cont_i' is read in the process but is not in the sensitivity list [C:/Users/assis/OneDrive/햞ea de Trabalho/Sistemas Digitais/DownloadS5/pdi/sd_trab_pdi/sd_trab_pdi.srcs/sources_1/new/controller_FSM.vhd:98]
WARNING: [Synth 8-614] signal 'const_256' is read in the process but is not in the sensitivity list [C:/Users/assis/OneDrive/햞ea de Trabalho/Sistemas Digitais/DownloadS5/pdi/sd_trab_pdi/sd_trab_pdi.srcs/sources_1/new/controller_FSM.vhd:98]
WARNING: [Synth 8-614] signal 'cont_j' is read in the process but is not in the sensitivity list [C:/Users/assis/OneDrive/햞ea de Trabalho/Sistemas Digitais/DownloadS5/pdi/sd_trab_pdi/sd_trab_pdi.srcs/sources_1/new/controller_FSM.vhd:98]
WARNING: [Synth 8-614] signal 'done_loop' is read in the process but is not in the sensitivity list [C:/Users/assis/OneDrive/햞ea de Trabalho/Sistemas Digitais/DownloadS5/pdi/sd_trab_pdi/sd_trab_pdi.srcs/sources_1/new/controller_FSM.vhd:98]
WARNING: [Synth 8-614] signal 'q_random' is read in the process but is not in the sensitivity list [C:/Users/assis/OneDrive/햞ea de Trabalho/Sistemas Digitais/DownloadS5/pdi/sd_trab_pdi/sd_trab_pdi.srcs/sources_1/new/controller_FSM.vhd:98]
WARNING: [Synth 8-614] signal 'const_967' is read in the process but is not in the sensitivity list [C:/Users/assis/OneDrive/햞ea de Trabalho/Sistemas Digitais/DownloadS5/pdi/sd_trab_pdi/sd_trab_pdi.srcs/sources_1/new/controller_FSM.vhd:98]
WARNING: [Synth 8-614] signal 'aux_salt_chili' is read in the process but is not in the sensitivity list [C:/Users/assis/OneDrive/햞ea de Trabalho/Sistemas Digitais/DownloadS5/pdi/sd_trab_pdi/sd_trab_pdi.srcs/sources_1/new/controller_FSM.vhd:98]
WARNING: [Synth 8-614] signal 's_mem_addr' is read in the process but is not in the sensitivity list [C:/Users/assis/OneDrive/햞ea de Trabalho/Sistemas Digitais/DownloadS5/pdi/sd_trab_pdi/sd_trab_pdi.srcs/sources_1/new/controller_FSM.vhd:98]
WARNING: [Synth 8-614] signal 'q_con' is read in the process but is not in the sensitivity list [C:/Users/assis/OneDrive/햞ea de Trabalho/Sistemas Digitais/DownloadS5/pdi/sd_trab_pdi/sd_trab_pdi.srcs/sources_1/new/controller_FSM.vhd:98]
INFO: [Synth 8-638] synthesizing module 'delay' [C:/Users/assis/OneDrive/햞ea de Trabalho/Sistemas Digitais/DownloadS5/pdi/sd_trab_pdi/sd_trab_pdi.srcs/sources_1/imports/my_lib/delay.vhd:19]
	Parameter bits bound to: 15 - type: integer 
	Parameter delay bound to: 1 - type: integer 
INFO: [Synth 8-256] done synthesizing module 'delay' (1#1) [C:/Users/assis/OneDrive/햞ea de Trabalho/Sistemas Digitais/DownloadS5/pdi/sd_trab_pdi/sd_trab_pdi.srcs/sources_1/imports/my_lib/delay.vhd:19]
INFO: [Synth 8-638] synthesizing module 'REG_op' [C:/Users/assis/OneDrive/햞ea de Trabalho/Sistemas Digitais/DownloadS5/pdi/sd_trab_pdi/sd_trab_pdi.srcs/sources_1/new/REG_cont.vhd:15]
	Parameter N bound to: 15 - type: integer 
INFO: [Synth 8-256] done synthesizing module 'REG_op' (2#1) [C:/Users/assis/OneDrive/햞ea de Trabalho/Sistemas Digitais/DownloadS5/pdi/sd_trab_pdi/sd_trab_pdi.srcs/sources_1/new/REG_cont.vhd:15]
INFO: [Synth 8-256] done synthesizing module 'controller_FSM' (3#1) [C:/Users/assis/OneDrive/햞ea de Trabalho/Sistemas Digitais/DownloadS5/pdi/sd_trab_pdi/sd_trab_pdi.srcs/sources_1/new/controller_FSM.vhd:21]
INFO: [Synth 8-638] synthesizing module 'datapath' [C:/Users/assis/OneDrive/햞ea de Trabalho/Sistemas Digitais/DownloadS5/pdi/sd_trab_pdi/sd_trab_pdi.srcs/sources_1/new/datapath.vhd:22]
INFO: [Synth 8-638] synthesizing module 'REG_op__parameterized0' [C:/Users/assis/OneDrive/햞ea de Trabalho/Sistemas Digitais/DownloadS5/pdi/sd_trab_pdi/sd_trab_pdi.srcs/sources_1/new/REG_cont.vhd:15]
	Parameter N bound to: 4 - type: integer 
INFO: [Synth 8-256] done synthesizing module 'REG_op__parameterized0' (3#1) [C:/Users/assis/OneDrive/햞ea de Trabalho/Sistemas Digitais/DownloadS5/pdi/sd_trab_pdi/sd_trab_pdi.srcs/sources_1/new/REG_cont.vhd:15]
WARNING: [Synth 8-614] signal 's_shades_of_gray' is read in the process but is not in the sensitivity list [C:/Users/assis/OneDrive/햞ea de Trabalho/Sistemas Digitais/DownloadS5/pdi/sd_trab_pdi/sd_trab_pdi.srcs/sources_1/new/datapath.vhd:93]
INFO: [Synth 8-226] default block is never used [C:/Users/assis/OneDrive/햞ea de Trabalho/Sistemas Digitais/DownloadS5/pdi/sd_trab_pdi/sd_trab_pdi.srcs/sources_1/new/datapath.vhd:109]
INFO: [Synth 8-226] default block is never used [C:/Users/assis/OneDrive/햞ea de Trabalho/Sistemas Digitais/DownloadS5/pdi/sd_trab_pdi/sd_trab_pdi.srcs/sources_1/new/datapath.vhd:121]
WARNING: [Synth 8-614] signal 'flag_salt_chili' is read in the process but is not in the sensitivity list [C:/Users/assis/OneDrive/햞ea de Trabalho/Sistemas Digitais/DownloadS5/pdi/sd_trab_pdi/sd_trab_pdi.srcs/sources_1/new/datapath.vhd:129]
WARNING: [Synth 8-614] signal 's_mem_din' is read in the process but is not in the sensitivity list [C:/Users/assis/OneDrive/햞ea de Trabalho/Sistemas Digitais/DownloadS5/pdi/sd_trab_pdi/sd_trab_pdi.srcs/sources_1/new/datapath.vhd:129]
INFO: [Synth 8-256] done synthesizing module 'datapath' (4#1) [C:/Users/assis/OneDrive/햞ea de Trabalho/Sistemas Digitais/DownloadS5/pdi/sd_trab_pdi/sd_trab_pdi.srcs/sources_1/new/datapath.vhd:22]
INFO: [Synth 8-256] done synthesizing module 'pdi' (5#1) [C:/Users/assis/OneDrive/햞ea de Trabalho/Sistemas Digitais/DownloadS5/pdi/sd_trab_pdi/sd_trab_pdi.srcs/sources_1/new/pdi.vhd:20]
INFO: [Synth 8-256] done synthesizing module 'design_1_pdi_0_0' (6#1) [c:/Users/assis/OneDrive/햞ea de Trabalho/Sistemas Digitais/DownloadS5/pdi/sd_trab_pdi/sd_trab_pdi.srcs/sources_1/bd/design_1/ip/design_1_pdi_0_0/synth/design_1_pdi_0_0.vhd:70]
TclStackFree: incorrect freePtr. Call out of sequence?
