
*** Running vivado
    with args -log design_1_cpu_0_0.vds -m64 -product Vivado -mode batch -messageDb vivado.pb -notrace -source design_1_cpu_0_0.tcl



****** Vivado v2020.1 (64-bit)
  **** SW Build 2902540 on Wed May 27 19:54:49 MDT 2020
  **** IP Build 2902112 on Wed May 27 22:43:36 MDT 2020
    ** Copyright 1986-2020 Xilinx, Inc. All Rights Reserved.

source design_1_cpu_0_0.tcl -notrace
Command: synth_design -top design_1_cpu_0_0 -part xc7z010clg400-1 -mode out_of_context
Starting synth_design
WARNING: [IP_Flow 19-3571] IP 'design_1_cpu_0_0' is restricted:
* Module reference is stale and needs refreshing.
Attempting to get a license for feature 'Synthesis' and/or device 'xc7z010'
INFO: [Common 17-349] Got license for feature 'Synthesis' and/or device 'xc7z010'
INFO: [Synth 8-7079] Multithreading enabled for synth_design using a maximum of 2 processes.
INFO: [Synth 8-7078] Launching helper process for spawning children vivado processes
INFO: [Synth 8-7075] Helper process launched with PID 420
---------------------------------------------------------------------------------
Starting Synthesize : Time (s): cpu = 00:00:13 ; elapsed = 00:00:14 . Memory (MB): peak = 1086.695 ; gain = 0.000
---------------------------------------------------------------------------------
INFO: [Synth 8-638] synthesizing module 'design_1_cpu_0_0' [c:/Users/assis/cpu_cristiano/cpu_cristiano.srcs/sources_1/bd/design_1/ip/design_1_cpu_0_0/synth/design_1_cpu_0_0.vhd:80]
	Parameter N bound to: 16 - type: integer 
INFO: [Synth 8-3491] module 'cpu' declared at 'C:/Users/assis/cpu_cristiano/cpu_cristiano.srcs/sources_1/imports/files_sd_cpu_vga/cpu.vhd:13' bound to instance 'U0' of component 'cpu' [c:/Users/assis/cpu_cristiano/cpu_cristiano.srcs/sources_1/bd/design_1/ip/design_1_cpu_0_0/synth/design_1_cpu_0_0.vhd:124]
INFO: [Synth 8-638] synthesizing module 'cpu' [C:/Users/assis/cpu_cristiano/cpu_cristiano.srcs/sources_1/imports/files_sd_cpu_vga/cpu.vhd:44]
	Parameter N bound to: 16 - type: integer 
INFO: [Synth 8-638] synthesizing module 'control_unit' [C:/Users/assis/cpu_cristiano/cpu_cristiano.srcs/sources_1/imports/files_sd_cpu_vga/control_unit.vhd:29]
	Parameter N bound to: 16 - type: integer 
INFO: [Synth 8-638] synthesizing module 'controller_FSM' [C:/Users/assis/cpu_cristiano/cpu_cristiano.srcs/sources_1/imports/files_sd_cpu_vga/controller_FSM.vhd:33]
	Parameter N bound to: 16 - type: integer 
INFO: [Synth 8-256] done synthesizing module 'controller_FSM' (1#1) [C:/Users/assis/cpu_cristiano/cpu_cristiano.srcs/sources_1/imports/files_sd_cpu_vga/controller_FSM.vhd:33]
INFO: [Synth 8-638] synthesizing module 'registrador' [C:/Users/assis/cpu_cristiano/cpu_cristiano.srcs/sources_1/imports/files_sd_cpu_vga/registrador.vhd:16]
	Parameter N bound to: 16 - type: integer 
INFO: [Synth 8-256] done synthesizing module 'registrador' (2#1) [C:/Users/assis/cpu_cristiano/cpu_cristiano.srcs/sources_1/imports/files_sd_cpu_vga/registrador.vhd:16]
INFO: [Synth 8-638] synthesizing module 'constant_adder' [C:/Users/assis/cpu_cristiano/cpu_cristiano.srcs/sources_1/imports/files_sd_cpu_vga/constant_adder.vhd:12]
	Parameter N bound to: 16 - type: integer 
	Parameter VAL bound to: 1 - type: integer 
INFO: [Synth 8-256] done synthesizing module 'constant_adder' (3#1) [C:/Users/assis/cpu_cristiano/cpu_cristiano.srcs/sources_1/imports/files_sd_cpu_vga/constant_adder.vhd:12]
INFO: [Synth 8-256] done synthesizing module 'control_unit' (4#1) [C:/Users/assis/cpu_cristiano/cpu_cristiano.srcs/sources_1/imports/files_sd_cpu_vga/control_unit.vhd:29]
INFO: [Synth 8-638] synthesizing module 'datapath' [C:/Users/assis/cpu_cristiano/cpu_cristiano.srcs/sources_1/imports/files_sd_cpu_vga/datapath.vhd:45]
	Parameter N bound to: 16 - type: integer 
INFO: [Synth 8-638] synthesizing module 'ula' [C:/Users/assis/cpu_cristiano/cpu_cristiano.srcs/sources_1/imports/files_sd_cpu_vga/ula.vhd:15]
	Parameter N bound to: 16 - type: integer 
INFO: [Synth 8-256] done synthesizing module 'ula' (5#1) [C:/Users/assis/cpu_cristiano/cpu_cristiano.srcs/sources_1/imports/files_sd_cpu_vga/ula.vhd:15]
INFO: [Synth 8-638] synthesizing module 'register_file' [C:/Users/assis/cpu_cristiano/cpu_cristiano.srcs/sources_1/imports/files_sd_cpu_vga/register_file.vhd:32]
	Parameter N bound to: 16 - type: integer 
INFO: [Synth 8-256] done synthesizing module 'register_file' (6#1) [C:/Users/assis/cpu_cristiano/cpu_cristiano.srcs/sources_1/imports/files_sd_cpu_vga/register_file.vhd:32]
INFO: [Synth 8-638] synthesizing module 'mux_2x1' [C:/Users/assis/cpu_cristiano/cpu_cristiano.srcs/sources_1/imports/files_sd_cpu_vga/mux_2x1.vhd:33]
	Parameter N bound to: 16 - type: integer 
INFO: [Synth 8-256] done synthesizing module 'mux_2x1' (7#1) [C:/Users/assis/cpu_cristiano/cpu_cristiano.srcs/sources_1/imports/files_sd_cpu_vga/mux_2x1.vhd:33]
INFO: [Synth 8-226] default block is never used [C:/Users/assis/cpu_cristiano/cpu_cristiano.srcs/sources_1/imports/files_sd_cpu_vga/datapath.vhd:100]
INFO: [Synth 8-256] done synthesizing module 'datapath' (8#1) [C:/Users/assis/cpu_cristiano/cpu_cristiano.srcs/sources_1/imports/files_sd_cpu_vga/datapath.vhd:45]
INFO: [Synth 8-256] done synthesizing module 'cpu' (9#1) [C:/Users/assis/cpu_cristiano/cpu_cristiano.srcs/sources_1/imports/files_sd_cpu_vga/cpu.vhd:44]
INFO: [Synth 8-256] done synthesizing module 'design_1_cpu_0_0' (10#1) [c:/Users/assis/cpu_cristiano/cpu_cristiano.srcs/sources_1/bd/design_1/ip/design_1_cpu_0_0/synth/design_1_cpu_0_0.vhd:80]
---------------------------------------------------------------------------------
Finished Synthesize : Time (s): cpu = 00:00:16 ; elapsed = 00:00:18 . Memory (MB): peak = 1086.695 ; gain = 0.000
---------------------------------------------------------------------------------
---------------------------------------------------------------------------------
Finished Constraint Validation : Time (s): cpu = 00:00:17 ; elapsed = 00:00:19 . Memory (MB): peak = 1086.695 ; gain = 0.000
---------------------------------------------------------------------------------
---------------------------------------------------------------------------------
Start Loading Part and Timing Information
---------------------------------------------------------------------------------
Loading part: xc7z010clg400-1
---------------------------------------------------------------------------------
Finished Loading Part and Timing Information : Time (s): cpu = 00:00:17 ; elapsed = 00:00:19 . Memory (MB): peak = 1086.695 ; gain = 0.000
---------------------------------------------------------------------------------
INFO: [Device 21-403] Loading part xc7z010clg400-1
INFO: [Synth 8-802] inferred FSM for state register 'current_s_reg' in module 'controller_FSM'
WARNING: [Synth 8-327] inferring latch for variable 'PC_clr_reg' [C:/Users/assis/cpu_cristiano/cpu_cristiano.srcs/sources_1/imports/files_sd_cpu_vga/controller_FSM.vhd:68]
---------------------------------------------------------------------------------------------------
                   State |                     New Encoding |                Previous Encoding 
---------------------------------------------------------------------------------------------------
                    init |                        000000001 |                             0000
                   fetch |                        000000010 |                             0001
                  decode |                        000000100 |                             0010
                exec_nop |                        000001000 |                             0011
               exec_halt |                        000010000 |                             0100
                exec_mov |                        000100000 |                             0101
              exec_store |                        001000000 |                             0111
               exec_load |                        010000000 |                             0110
                exec_ula |                        100000000 |                             1000
---------------------------------------------------------------------------------------------------
INFO: [Synth 8-3354] encoded FSM with state register 'current_s_reg' using encoding 'one-hot' in module 'controller_FSM'
WARNING: [Synth 8-327] inferring latch for variable 'PC_inc_reg' [C:/Users/assis/cpu_cristiano/cpu_cristiano.srcs/sources_1/imports/files_sd_cpu_vga/controller_FSM.vhd:69]
WARNING: [Synth 8-327] inferring latch for variable 'immed_reg' [C:/Users/assis/cpu_cristiano/cpu_cristiano.srcs/sources_1/imports/files_sd_cpu_vga/controller_FSM.vhd:72]
WARNING: [Synth 8-327] inferring latch for variable 'RAM_sel_reg' [C:/Users/assis/cpu_cristiano/cpu_cristiano.srcs/sources_1/imports/files_sd_cpu_vga/controller_FSM.vhd:73]
WARNING: [Synth 8-327] inferring latch for variable 'RAM_we_reg' [C:/Users/assis/cpu_cristiano/cpu_cristiano.srcs/sources_1/imports/files_sd_cpu_vga/controller_FSM.vhd:74]
WARNING: [Synth 8-327] inferring latch for variable 'RF_sel_reg' [C:/Users/assis/cpu_cristiano/cpu_cristiano.srcs/sources_1/imports/files_sd_cpu_vga/controller_FSM.vhd:75]
WARNING: [Synth 8-327] inferring latch for variable 'Rd_sel_reg' [C:/Users/assis/cpu_cristiano/cpu_cristiano.srcs/sources_1/imports/files_sd_cpu_vga/controller_FSM.vhd:76]
WARNING: [Synth 8-327] inferring latch for variable 'Rd_wr_reg' [C:/Users/assis/cpu_cristiano/cpu_cristiano.srcs/sources_1/imports/files_sd_cpu_vga/controller_FSM.vhd:77]
WARNING: [Synth 8-327] inferring latch for variable 'Rm_sel_reg' [C:/Users/assis/cpu_cristiano/cpu_cristiano.srcs/sources_1/imports/files_sd_cpu_vga/controller_FSM.vhd:78]
WARNING: [Synth 8-327] inferring latch for variable 'Rn_sel_reg' [C:/Users/assis/cpu_cristiano/cpu_cristiano.srcs/sources_1/imports/files_sd_cpu_vga/controller_FSM.vhd:79]
WARNING: [Synth 8-327] inferring latch for variable 'ula_op_reg' [C:/Users/assis/cpu_cristiano/cpu_cristiano.srcs/sources_1/imports/files_sd_cpu_vga/controller_FSM.vhd:80]
WARNING: [Synth 8-327] inferring latch for variable 's_dbg_state_reg' [C:/Users/assis/cpu_cristiano/cpu_cristiano.srcs/sources_1/imports/files_sd_cpu_vga/controller_FSM.vhd:101]
WARNING: [Synth 8-327] inferring latch for variable 'result_reg' [C:/Users/assis/cpu_cristiano/cpu_cristiano.srcs/sources_1/imports/files_sd_cpu_vga/ula.vhd:30]
---------------------------------------------------------------------------------
Finished RTL Optimization Phase 2 : Time (s): cpu = 00:00:19 ; elapsed = 00:00:19 . Memory (MB): peak = 1086.695 ; gain = 0.000
---------------------------------------------------------------------------------
No constraint files found.
---------------------------------------------------------------------------------
Start RTL Component Statistics 
---------------------------------------------------------------------------------
Detailed RTL Component Info : 
+---Adders : 
	   2 Input   16 Bit       Adders := 2     
	   3 Input   16 Bit       Adders := 1     
+---XORs : 
	   2 Input     16 Bit         XORs := 1     
+---Registers : 
	               16 Bit    Registers := 10    
+---Muxes : 
	   9 Input   16 Bit        Muxes := 1     
	   2 Input   16 Bit        Muxes := 1     
	   4 Input   16 Bit        Muxes := 1     
	   9 Input    9 Bit        Muxes := 1     
	   3 Input    9 Bit        Muxes := 1     
	  11 Input    9 Bit        Muxes := 1     
	   9 Input    4 Bit        Muxes := 2     
	   9 Input    3 Bit        Muxes := 3     
	   9 Input    2 Bit        Muxes := 1     
	   9 Input    1 Bit        Muxes := 10    
	   8 Input    1 Bit        Muxes := 1     
	   2 Input    1 Bit        Muxes := 8     
---------------------------------------------------------------------------------
Finished RTL Component Statistics 
---------------------------------------------------------------------------------
---------------------------------------------------------------------------------
Start Part Resource Summary
---------------------------------------------------------------------------------
Part Resources:
DSPs: 80 (col length:40)
BRAMs: 120 (col length: RAMB18 40 RAMB36 20)
---------------------------------------------------------------------------------
Finished Part Resource Summary
---------------------------------------------------------------------------------
No constraint files found.
---------------------------------------------------------------------------------
Start Cross Boundary and Area Optimization
---------------------------------------------------------------------------------
DSP Report: Generating DSP U0/Datapath_0/ULA/multOp, operation Mode is: A*B.
DSP Report: operator U0/Datapath_0/ULA/multOp is absorbed into DSP U0/Datapath_0/ULA/multOp.
---------------------------------------------------------------------------------
Finished Cross Boundary and Area Optimization : Time (s): cpu = 00:00:31 ; elapsed = 00:00:33 . Memory (MB): peak = 1086.695 ; gain = 0.000
---------------------------------------------------------------------------------
---------------------------------------------------------------------------------
Start ROM, RAM, DSP and Shift Register Reporting
---------------------------------------------------------------------------------

DSP: Preliminary Mapping	Report (see note below)
+------------+-------------+--------+--------+--------+--------+--------+------+------+------+------+-------+------+------+
|Module Name | DSP Mapping | A Size | B Size | C Size | D Size | P Size | AREG | BREG | CREG | DREG | ADREG | MREG | PREG | 
+------------+-------------+--------+--------+--------+--------+--------+------+------+------+------+-------+------+------+
|ula         | A*B         | 16     | 16     | -      | -      | 32     | 0    | 0    | -    | -    | -     | 0    | 0    | 
+------------+-------------+--------+--------+--------+--------+--------+------+------+------+------+-------+------+------+

Note: The table above is a preliminary report that shows the DSPs inferred at the current stage of the synthesis flow. Some DSP may be reimplemented as non DSP primitives later in the synthesis flow. Multiple instantiated DSPs are reported only once.
---------------------------------------------------------------------------------
Finished ROM, RAM, DSP and Shift Register Reporting
---------------------------------------------------------------------------------
No constraint files found.
---------------------------------------------------------------------------------
Start Timing Optimization
---------------------------------------------------------------------------------
---------------------------------------------------------------------------------
Finished Timing Optimization : Time (s): cpu = 00:00:31 ; elapsed = 00:00:34 . Memory (MB): peak = 1086.695 ; gain = 0.000
---------------------------------------------------------------------------------
---------------------------------------------------------------------------------
Start Technology Mapping
---------------------------------------------------------------------------------
---------------------------------------------------------------------------------
Finished Technology Mapping : Time (s): cpu = 00:00:31 ; elapsed = 00:00:34 . Memory (MB): peak = 1086.695 ; gain = 0.000
---------------------------------------------------------------------------------
---------------------------------------------------------------------------------
Start IO Insertion
---------------------------------------------------------------------------------
---------------------------------------------------------------------------------
Start Flattening Before IO Insertion
---------------------------------------------------------------------------------
---------------------------------------------------------------------------------
Finished Flattening Before IO Insertion
---------------------------------------------------------------------------------
---------------------------------------------------------------------------------
Start Final Netlist Cleanup
---------------------------------------------------------------------------------
---------------------------------------------------------------------------------
Finished Final Netlist Cleanup
---------------------------------------------------------------------------------
---------------------------------------------------------------------------------
Finished IO Insertion : Time (s): cpu = 00:00:40 ; elapsed = 00:00:42 . Memory (MB): peak = 1086.695 ; gain = 0.000
---------------------------------------------------------------------------------
---------------------------------------------------------------------------------
Start Renaming Generated Instances
---------------------------------------------------------------------------------
---------------------------------------------------------------------------------
Finished Renaming Generated Instances : Time (s): cpu = 00:00:40 ; elapsed = 00:00:42 . Memory (MB): peak = 1086.695 ; gain = 0.000
---------------------------------------------------------------------------------
---------------------------------------------------------------------------------
Start Rebuilding User Hierarchy
---------------------------------------------------------------------------------
---------------------------------------------------------------------------------
Finished Rebuilding User Hierarchy : Time (s): cpu = 00:00:40 ; elapsed = 00:00:42 . Memory (MB): peak = 1086.695 ; gain = 0.000
---------------------------------------------------------------------------------
---------------------------------------------------------------------------------
Start Renaming Generated Ports
---------------------------------------------------------------------------------
---------------------------------------------------------------------------------
Finished Renaming Generated Ports : Time (s): cpu = 00:00:40 ; elapsed = 00:00:42 . Memory (MB): peak = 1086.695 ; gain = 0.000
---------------------------------------------------------------------------------
---------------------------------------------------------------------------------
Start Handling Custom Attributes
---------------------------------------------------------------------------------
---------------------------------------------------------------------------------
Finished Handling Custom Attributes : Time (s): cpu = 00:00:40 ; elapsed = 00:00:42 . Memory (MB): peak = 1086.695 ; gain = 0.000
---------------------------------------------------------------------------------
---------------------------------------------------------------------------------
Start Renaming Generated Nets
---------------------------------------------------------------------------------
---------------------------------------------------------------------------------
Finished Renaming Generated Nets : Time (s): cpu = 00:00:40 ; elapsed = 00:00:42 . Memory (MB): peak = 1086.695 ; gain = 0.000
---------------------------------------------------------------------------------
---------------------------------------------------------------------------------
Start Writing Synthesis Report
---------------------------------------------------------------------------------

Report BlackBoxes: 
+-+--------------+----------+
| |BlackBox name |Instances |
+-+--------------+----------+
+-+--------------+----------+

Report Cell Usage: 
+------+--------+------+
|      |Cell    |Count |
+------+--------+------+
|1     |CARRY4  |    12|
|2     |DSP48E1 |     1|
|3     |LUT1    |     1|
|4     |LUT2    |    46|
|5     |LUT3    |    64|
|6     |LUT4    |    21|
|7     |LUT5    |    36|
|8     |LUT6    |    93|
|9     |MUXF7   |    17|
|10    |FDCE    |     8|
|11    |FDPE    |     1|
|12    |FDRE    |   160|
|13    |LD      |    47|
+------+--------+------+

Report Instance Areas: 
+------+-------------------+---------------+------+
|      |Instance           |Module         |Cells |
+------+-------------------+---------------+------+
|1     |top                |               |   507|
|2     |  U0               |cpu            |   507|
|3     |    Control_Unit_0 |control_unit   |   146|
|4     |      IR           |registrador_7  |    28|
|5     |      PC           |registrador_8  |    21|
|6     |      controlador  |controller_FSM |    97|
|7     |    Datapath_0     |datapath       |   361|
|8     |      RF           |register_file  |   320|
|9     |        R0         |registrador    |    16|
|10    |        R1         |registrador_0  |   107|
|11    |        R2         |registrador_1  |    16|
|12    |        R3         |registrador_2  |    16|
|13    |        R4         |registrador_3  |    16|
|14    |        R5         |registrador_4  |   115|
|15    |        R6         |registrador_5  |    16|
|16    |        R7         |registrador_6  |    16|
|17    |      ULA          |ula            |    41|
+------+-------------------+---------------+------+
---------------------------------------------------------------------------------
Finished Writing Synthesis Report : Time (s): cpu = 00:00:40 ; elapsed = 00:00:42 . Memory (MB): peak = 1086.695 ; gain = 0.000
---------------------------------------------------------------------------------
Synthesis finished with 0 errors, 0 critical warnings and 13 warnings.
Synthesis Optimization Runtime : Time (s): cpu = 00:00:40 ; elapsed = 00:00:42 . Memory (MB): peak = 1086.695 ; gain = 0.000
Synthesis Optimization Complete : Time (s): cpu = 00:00:40 ; elapsed = 00:00:42 . Memory (MB): peak = 1086.695 ; gain = 0.000
INFO: [Project 1-571] Translating synthesized netlist
Netlist sorting complete. Time (s): cpu = 00:00:01 ; elapsed = 00:00:00.053 . Memory (MB): peak = 1086.695 ; gain = 0.000
INFO: [Netlist 29-17] Analyzing 77 Unisim elements for replacement
INFO: [Netlist 29-28] Unisim Transformation completed in 0 CPU seconds
INFO: [Project 1-570] Preparing netlist for logic optimization
INFO: [Opt 31-138] Pushed 0 inverter(s) to 0 load pin(s).
Netlist sorting complete. Time (s): cpu = 00:00:00 ; elapsed = 00:00:00 . Memory (MB): peak = 1086.695 ; gain = 0.000
INFO: [Project 1-111] Unisim Transformation Summary:
  A total of 47 instances were transformed.
  LD => LDCE: 47 instances

INFO: [Common 17-83] Releasing license: Synthesis
36 Infos, 14 Warnings, 0 Critical Warnings and 0 Errors encountered.
synth_design completed successfully
synth_design: Time (s): cpu = 00:00:48 ; elapsed = 00:00:52 . Memory (MB): peak = 1086.695 ; gain = 0.000
INFO: [Timing 38-35] Done setting XDC timing constraints.
INFO: [Common 17-1381] The checkpoint 'C:/Users/assis/cpu_cristiano/cpu_cristiano.runs/design_1_cpu_0_0_synth_1/design_1_cpu_0_0.dcp' has been generated.
write_checkpoint: Time (s): cpu = 00:00:18 ; elapsed = 00:00:19 . Memory (MB): peak = 1267.070 ; gain = 180.375
WARNING: [Common 17-576] 'use_project_ipc' is deprecated. This option is deprecated and no longer used.
INFO: [Coretcl 2-1174] Renamed 16 cell refs.
WARNING: [Constraints 18-5210] No constraints selected for write.
Resolution: This message can indicate that there are no constraints for the design, or it can indicate that the used_in flags are set such that the constraints are ignored. This later case is used when running synth_design to not write synthesis constraints to the resulting checkpoint. Instead, project constraints are read when the synthesized design is opened.
INFO: [Common 17-1381] The checkpoint 'C:/Users/assis/cpu_cristiano/cpu_cristiano.runs/design_1_cpu_0_0_synth_1/design_1_cpu_0_0.dcp' has been generated.
INFO: [runtcl-4] Executing : report_utilization -file design_1_cpu_0_0_utilization_synth.rpt -pb design_1_cpu_0_0_utilization_synth.pb
INFO: [Common 17-206] Exiting Vivado at Mon Jun  6 15:10:40 2022...
