
*** Running vivado
    with args -log design_1_rgb24_to_vga565_0_0.vds -m64 -product Vivado -mode batch -messageDb vivado.pb -notrace -source design_1_rgb24_to_vga565_0_0.tcl

awk: symbol lookup error: awk: undefined symbol: mpfr_z_sub

****** Vivado v2016.4 (64-bit)
  **** SW Build 1733598 on Wed Dec 14 22:35:42 MST 2016
  **** IP Build 1731160 on Wed Dec 14 23:47:21 MST 2016
    ** Copyright 1986-2016 Xilinx, Inc. All Rights Reserved.

source design_1_rgb24_to_vga565_0_0.tcl -notrace
Command: synth_design -top design_1_rgb24_to_vga565_0_0 -part xc7z010clg400-1 -mode out_of_context
Starting synth_design
Attempting to get a license for feature 'Synthesis' and/or device 'xc7z010'
INFO: [Common 17-349] Got license for feature 'Synthesis' and/or device 'xc7z010'
INFO: Launching helper process for spawning children vivado processes
INFO: Helper process launched with PID 19105 
awk: symbol lookup error: awk: undefined symbol: mpfr_z_sub
---------------------------------------------------------------------------------
Starting Synthesize : Time (s): cpu = 00:00:07 ; elapsed = 00:00:11 . Memory (MB): peak = 1084.535 ; gain = 162.086 ; free physical = 1073 ; free virtual = 5344
---------------------------------------------------------------------------------
INFO: [Synth 8-638] synthesizing module 'design_1_rgb24_to_vga565_0_0' [/home/cristiano/projects/sd_trab_pdi/sd_trab_pdi.srcs/sources_1/bd/design_1/ip/design_1_rgb24_to_vga565_0_0/synth/design_1_rgb24_to_vga565_0_0.vhd:63]
INFO: [Synth 8-3491] module 'rgb24_to_vga565' declared at '/home/cristiano/projects/sd_trab_pdi/sd_trab_pdi.srcs/sources_1/new/rgb24_to_vga565.vhd:34' bound to instance 'U0' of component 'rgb24_to_vga565' [/home/cristiano/projects/sd_trab_pdi/sd_trab_pdi.srcs/sources_1/bd/design_1/ip/design_1_rgb24_to_vga565_0_0/synth/design_1_rgb24_to_vga565_0_0.vhd:77]
INFO: [Synth 8-638] synthesizing module 'rgb24_to_vga565' [/home/cristiano/projects/sd_trab_pdi/sd_trab_pdi.srcs/sources_1/new/rgb24_to_vga565.vhd:42]
INFO: [Synth 8-256] done synthesizing module 'rgb24_to_vga565' (1#1) [/home/cristiano/projects/sd_trab_pdi/sd_trab_pdi.srcs/sources_1/new/rgb24_to_vga565.vhd:42]
INFO: [Synth 8-256] done synthesizing module 'design_1_rgb24_to_vga565_0_0' (2#1) [/home/cristiano/projects/sd_trab_pdi/sd_trab_pdi.srcs/sources_1/bd/design_1/ip/design_1_rgb24_to_vga565_0_0/synth/design_1_rgb24_to_vga565_0_0.vhd:63]
WARNING: [Synth 8-3331] design rgb24_to_vga565 has unconnected port rgb_din[18]
WARNING: [Synth 8-3331] design rgb24_to_vga565 has unconnected port rgb_din[17]
WARNING: [Synth 8-3331] design rgb24_to_vga565 has unconnected port rgb_din[16]
WARNING: [Synth 8-3331] design rgb24_to_vga565 has unconnected port rgb_din[9]
WARNING: [Synth 8-3331] design rgb24_to_vga565 has unconnected port rgb_din[8]
WARNING: [Synth 8-3331] design rgb24_to_vga565 has unconnected port rgb_din[2]
WARNING: [Synth 8-3331] design rgb24_to_vga565 has unconnected port rgb_din[1]
WARNING: [Synth 8-3331] design rgb24_to_vga565 has unconnected port rgb_din[0]
---------------------------------------------------------------------------------
Finished Synthesize : Time (s): cpu = 00:00:08 ; elapsed = 00:00:12 . Memory (MB): peak = 1125.004 ; gain = 202.555 ; free physical = 1031 ; free virtual = 5302
---------------------------------------------------------------------------------
---------------------------------------------------------------------------------
Finished Constraint Validation : Time (s): cpu = 00:00:08 ; elapsed = 00:00:12 . Memory (MB): peak = 1125.004 ; gain = 202.555 ; free physical = 1031 ; free virtual = 5302
---------------------------------------------------------------------------------
---------------------------------------------------------------------------------
Start Loading Part and Timing Information
---------------------------------------------------------------------------------
Loading part: xc7z010clg400-1
---------------------------------------------------------------------------------
Finished Loading Part and Timing Information : Time (s): cpu = 00:00:08 ; elapsed = 00:00:12 . Memory (MB): peak = 1133.008 ; gain = 210.559 ; free physical = 1031 ; free virtual = 5302
---------------------------------------------------------------------------------
---------------------------------------------------------------------------------
Finished RTL Optimization Phase 2 : Time (s): cpu = 00:00:08 ; elapsed = 00:00:12 . Memory (MB): peak = 1133.008 ; gain = 210.559 ; free physical = 1031 ; free virtual = 5302
---------------------------------------------------------------------------------

Report RTL Partitions: 
+-+--------------+------------+----------+
| |RTL Partition |Replication |Instances |
+-+--------------+------------+----------+
+-+--------------+------------+----------+
No constraint files found.
---------------------------------------------------------------------------------
Start RTL Component Statistics 
---------------------------------------------------------------------------------
Detailed RTL Component Info : 
---------------------------------------------------------------------------------
Finished RTL Component Statistics 
---------------------------------------------------------------------------------
---------------------------------------------------------------------------------
Start RTL Hierarchical Component Statistics 
---------------------------------------------------------------------------------
Hierarchical RTL Component report 
---------------------------------------------------------------------------------
Finished RTL Hierarchical Component Statistics
---------------------------------------------------------------------------------
---------------------------------------------------------------------------------
Start Part Resource Summary
---------------------------------------------------------------------------------
INFO: [Device 21-403] Loading part xc7z010clg400-1
Part Resources:
DSPs: 80 (col length:40)
BRAMs: 120 (col length: RAMB18 40 RAMB36 20)
---------------------------------------------------------------------------------
Finished Part Resource Summary
---------------------------------------------------------------------------------
No constraint files found.
---------------------------------------------------------------------------------
Start Cross Boundary and Area Optimization
---------------------------------------------------------------------------------
WARNING: [Synth 8-3330] design design_1_rgb24_to_vga565_0_0 has an empty top module
WARNING: [Synth 8-3331] design design_1_rgb24_to_vga565_0_0 has unconnected port rgb_din[18]
WARNING: [Synth 8-3331] design design_1_rgb24_to_vga565_0_0 has unconnected port rgb_din[17]
WARNING: [Synth 8-3331] design design_1_rgb24_to_vga565_0_0 has unconnected port rgb_din[16]
WARNING: [Synth 8-3331] design design_1_rgb24_to_vga565_0_0 has unconnected port rgb_din[9]
WARNING: [Synth 8-3331] design design_1_rgb24_to_vga565_0_0 has unconnected port rgb_din[8]
WARNING: [Synth 8-3331] design design_1_rgb24_to_vga565_0_0 has unconnected port rgb_din[2]
WARNING: [Synth 8-3331] design design_1_rgb24_to_vga565_0_0 has unconnected port rgb_din[1]
WARNING: [Synth 8-3331] design design_1_rgb24_to_vga565_0_0 has unconnected port rgb_din[0]
---------------------------------------------------------------------------------
Finished Cross Boundary and Area Optimization : Time (s): cpu = 00:00:11 ; elapsed = 00:00:16 . Memory (MB): peak = 1201.328 ; gain = 278.879 ; free physical = 967 ; free virtual = 5238
---------------------------------------------------------------------------------

Report RTL Partitions: 
+-+--------------+------------+----------+
| |RTL Partition |Replication |Instances |
+-+--------------+------------+----------+
+-+--------------+------------+----------+
---------------------------------------------------------------------------------
Start Timing Optimization
---------------------------------------------------------------------------------
No constraint files found.
---------------------------------------------------------------------------------
Finished Timing Optimization : Time (s): cpu = 00:00:11 ; elapsed = 00:00:16 . Memory (MB): peak = 1201.328 ; gain = 278.879 ; free physical = 967 ; free virtual = 5238
---------------------------------------------------------------------------------

Report RTL Partitions: 
+-+--------------+------------+----------+
| |RTL Partition |Replication |Instances |
+-+--------------+------------+----------+
+-+--------------+------------+----------+
---------------------------------------------------------------------------------
Start Technology Mapping
---------------------------------------------------------------------------------
---------------------------------------------------------------------------------
Finished Technology Mapping : Time (s): cpu = 00:00:11 ; elapsed = 00:00:16 . Memory (MB): peak = 1209.336 ; gain = 286.887 ; free physical = 959 ; free virtual = 5230
---------------------------------------------------------------------------------

Report RTL Partitions: 
+-+--------------+------------+----------+
| |RTL Partition |Replication |Instances |
+-+--------------+------------+----------+
+-+--------------+------------+----------+
---------------------------------------------------------------------------------
Start IO Insertion
---------------------------------------------------------------------------------
---------------------------------------------------------------------------------
Start Flattening Before IO Insertion
---------------------------------------------------------------------------------
---------------------------------------------------------------------------------
Finished Flattening Before IO Insertion
---------------------------------------------------------------------------------
---------------------------------------------------------------------------------
Start Final Netlist Cleanup
---------------------------------------------------------------------------------
---------------------------------------------------------------------------------
Finished Final Netlist Cleanup
---------------------------------------------------------------------------------
---------------------------------------------------------------------------------
Finished IO Insertion : Time (s): cpu = 00:00:12 ; elapsed = 00:00:16 . Memory (MB): peak = 1209.336 ; gain = 286.887 ; free physical = 959 ; free virtual = 5230
---------------------------------------------------------------------------------

Report Check Netlist: 
+------+------------------+-------+---------+-------+------------------+
|      |Item              |Errors |Warnings |Status |Description       |
+------+------------------+-------+---------+-------+------------------+
|1     |multi_driven_nets |      0|        0|Passed |Multi driven nets |
+------+------------------+-------+---------+-------+------------------+
---------------------------------------------------------------------------------
Start Renaming Generated Instances
---------------------------------------------------------------------------------
---------------------------------------------------------------------------------
Finished Renaming Generated Instances : Time (s): cpu = 00:00:12 ; elapsed = 00:00:16 . Memory (MB): peak = 1209.336 ; gain = 286.887 ; free physical = 959 ; free virtual = 5230
---------------------------------------------------------------------------------

Report RTL Partitions: 
+-+--------------+------------+----------+
| |RTL Partition |Replication |Instances |
+-+--------------+------------+----------+
+-+--------------+------------+----------+
---------------------------------------------------------------------------------
Start Rebuilding User Hierarchy
---------------------------------------------------------------------------------
---------------------------------------------------------------------------------
Finished Rebuilding User Hierarchy : Time (s): cpu = 00:00:12 ; elapsed = 00:00:16 . Memory (MB): peak = 1209.336 ; gain = 286.887 ; free physical = 959 ; free virtual = 5230
---------------------------------------------------------------------------------
---------------------------------------------------------------------------------
Start Renaming Generated Ports
---------------------------------------------------------------------------------
---------------------------------------------------------------------------------
Finished Renaming Generated Ports : Time (s): cpu = 00:00:12 ; elapsed = 00:00:16 . Memory (MB): peak = 1209.336 ; gain = 286.887 ; free physical = 959 ; free virtual = 5230
---------------------------------------------------------------------------------
---------------------------------------------------------------------------------
Start Handling Custom Attributes
---------------------------------------------------------------------------------
---------------------------------------------------------------------------------
Finished Handling Custom Attributes : Time (s): cpu = 00:00:12 ; elapsed = 00:00:16 . Memory (MB): peak = 1209.336 ; gain = 286.887 ; free physical = 959 ; free virtual = 5230
---------------------------------------------------------------------------------
---------------------------------------------------------------------------------
Start Renaming Generated Nets
---------------------------------------------------------------------------------
---------------------------------------------------------------------------------
Finished Renaming Generated Nets : Time (s): cpu = 00:00:12 ; elapsed = 00:00:16 . Memory (MB): peak = 1209.336 ; gain = 286.887 ; free physical = 959 ; free virtual = 5230
---------------------------------------------------------------------------------
---------------------------------------------------------------------------------
Start Writing Synthesis Report
---------------------------------------------------------------------------------

Report BlackBoxes: 
+-+--------------+----------+
| |BlackBox name |Instances |
+-+--------------+----------+
+-+--------------+----------+

Report Cell Usage: 
+-+-----+------+
| |Cell |Count |
+-+-----+------+
+-+-----+------+

Report Instance Areas: 
+------+---------+-------+------+
|      |Instance |Module |Cells |
+------+---------+-------+------+
|1     |top      |       |     0|
+------+---------+-------+------+
---------------------------------------------------------------------------------
Finished Writing Synthesis Report : Time (s): cpu = 00:00:12 ; elapsed = 00:00:16 . Memory (MB): peak = 1209.336 ; gain = 286.887 ; free physical = 959 ; free virtual = 5230
---------------------------------------------------------------------------------
Synthesis finished with 0 errors, 0 critical warnings and 17 warnings.
Synthesis Optimization Runtime : Time (s): cpu = 00:00:09 ; elapsed = 00:00:09 . Memory (MB): peak = 1209.336 ; gain = 192.801 ; free physical = 959 ; free virtual = 5230
Synthesis Optimization Complete : Time (s): cpu = 00:00:12 ; elapsed = 00:00:16 . Memory (MB): peak = 1209.344 ; gain = 286.895 ; free physical = 959 ; free virtual = 5230
INFO: [Project 1-571] Translating synthesized netlist
INFO: [Project 1-570] Preparing netlist for logic optimization
INFO: [Opt 31-138] Pushed 0 inverter(s) to 0 load pin(s).
INFO: [Project 1-111] Unisim Transformation Summary:
No Unisim elements were transformed.

INFO: [Common 17-83] Releasing license: Synthesis
16 Infos, 17 Warnings, 0 Critical Warnings and 0 Errors encountered.
synth_design completed successfully
synth_design: Time (s): cpu = 00:00:10 ; elapsed = 00:00:11 . Memory (MB): peak = 1289.336 ; gain = 285.383 ; free physical = 878 ; free virtual = 5149
INFO: [Timing 38-35] Done setting XDC timing constraints.
INFO: [Common 17-1381] The checkpoint '/home/cristiano/projects/sd_trab_pdi/sd_trab_pdi.runs/design_1_rgb24_to_vga565_0_0_synth_1/design_1_rgb24_to_vga565_0_0.dcp' has been generated.
write_checkpoint: Time (s): cpu = 00:00:09 ; elapsed = 00:00:09 . Memory (MB): peak = 1682.855 ; gain = 393.520 ; free physical = 550 ; free virtual = 4821
INFO: [Common 17-1381] The checkpoint '/home/cristiano/projects/sd_trab_pdi/sd_trab_pdi.runs/design_1_rgb24_to_vga565_0_0_synth_1/design_1_rgb24_to_vga565_0_0.dcp' has been generated.
report_utilization: Time (s): cpu = 00:00:00.12 ; elapsed = 00:00:00.14 . Memory (MB): peak = 1682.855 ; gain = 0.000 ; free physical = 548 ; free virtual = 4819
INFO: [Common 17-206] Exiting Vivado at Thu May 16 15:12:37 2019...
